Using pre-set license
Built from '2021.1/staging' branch; Version is '2021.1.14f1 (51d2f824827f) revision 5362424'; Using compiler version '192528614'; Build Type 'Release'
OS: 'Windows 10 Home; OS build 22000.675; Version 2009; 64bit' Language: 'it' Physical Memory: 16173 MB
BatchMode: 1, IsHumanControllingUs: 0, StartBugReporterOnCrash: 0, Is64bit: 1, IsPro: 0

 COMMAND LINE ARGUMENTS:
D:\UNIty\2021.1.14f1\Editor\Unity.exe
-adb2
-batchMode
-noUpm
-name
AssetImportWorker0
-projectPath
C:/Users/Tancredi Cavallari/Desktop/Flamy's riddles/Flamy-s-Riddles-/Flamy-s-Riddles--main/Flamy
-logFile
Logs/AssetImportWorker0.log
-srvPort
62167
Successfully changed project path to: C:/Users/Tancredi Cavallari/Desktop/Flamy's riddles/Flamy-s-Riddles-/Flamy-s-Riddles--main/Flamy
C:/Users/Tancredi Cavallari/Desktop/Flamy's riddles/Flamy-s-Riddles-/Flamy-s-Riddles--main/Flamy
Using Asset Import Pipeline V2.
Refreshing native plugins compatible for Editor in 206.88 ms, found 11 plugins.
Preloading 1 native plugins for Editor in 4.30 ms.
Initialize engine version: 2021.1.14f1 (51d2f824827f)
[Subsystems] Discovering subsystems at path D:/UNIty/2021.1.14f1/Editor/Data/Resources/UnitySubsystems
[Subsystems] Discovering subsystems at path C:/Users/Tancredi Cavallari/Desktop/Flamy's riddles/Flamy-s-Riddles-/Flamy-s-Riddles--main/Flamy/Assets
GfxDevice: creating device client; threaded=0; jobified=0
Direct3D:
    Version:  Direct3D 11.0 [level 11.1]
    Renderer: Intel(R) UHD Graphics 630 (ID=0x3e9b)
    Vendor:   Intel
    VRAM:     8086 MB
    Driver:   30.0.101.1960
Initialize mono
Mono path[0] = 'D:/UNIty/2021.1.14f1/Editor/Data/Managed'
Mono path[1] = 'D:/UNIty/2021.1.14f1/Editor/Data/MonoBleedingEdge/lib/mono/unityjit'
Mono config path = 'D:/UNIty/2021.1.14f1/Editor/Data/MonoBleedingEdge/etc'
Using monoOptions --debugger-agent=transport=dt_socket,embedding=1,server=y,suspend=n,address=127.0.0.1:56136
Begin MonoManager ReloadAssembly
Registering precompiled unity dll's ...
Register platform support module: D:/UNIty/2021.1.14f1/Editor/Data/PlaybackEngines/WebGLSupport/UnityEditor.WebGL.Extensions.dll
Register platform support module: D:/UNIty/2021.1.14f1/Editor/Data/PlaybackEngines/WindowsStandaloneSupport/UnityEditor.WindowsStandalone.Extensions.dll
Registered in 0.006655 seconds.
Native extension for WindowsStandalone target not found
Native extension for WebGL target not found
Refreshing native plugins compatible for Editor in 207.08 ms, found 11 plugins.
Preloading 1 native plugins for Editor in 0.19 ms.
Mono: successfully reloaded assembly
- Completed reload, in  6.421 seconds
Domain Reload Profiling:
	ReloadAssembly (6421ms)
		BeginReloadAssembly (137ms)
			ExecutionOrderSort (0ms)
			DisableScriptedObjects (0ms)
			BackupInstance (0ms)
			ReleaseScriptingObjects (0ms)
			CreateAndSetChildDomain (1ms)
		EndReloadAssembly (795ms)
			LoadAssemblies (129ms)
			RebuildTransferFunctionScriptingTraits (0ms)
			SetupTypeCache (266ms)
			ReleaseScriptCaches (0ms)
			RebuildScriptCaches (38ms)
			SetupLoadedEditorAssemblies (401ms)
				LogAssemblyErrors (0ms)
				InitializePlatformSupportModulesInManaged (10ms)
				SetLoadedEditorAssemblies (0ms)
				RefreshPlugins (207ms)
				BeforeProcessingInitializeOnLoad (2ms)
				ProcessInitializeOnLoadAttributes (141ms)
				ProcessInitializeOnLoadMethodAttributes (40ms)
				AfterProcessingInitializeOnLoad (0ms)
				EditorAssembliesLoaded (0ms)
			ExecutionOrderSort2 (0ms)
			AwakeInstancesAfterBackupRestoration (0ms)
Platform modules already initialized, skipping
Registering precompiled user dll's ...
Registered in 0.019268 seconds.
Begin MonoManager ReloadAssembly
Symbol file LoadedFromMemory doesn't match image C:\Users\Tancredi Cavallari\Desktop\Flamy's riddles\Flamy-s-Riddles-\Flamy-s-Riddles--main\Flamy\Library\PackageCache\com.unity.visualscripting@1.6.1\Editor\VisualScripting.Core\Dependencies\DotNetZip\Unity.VisualScripting.IonicZip.dll
Symbol file LoadedFromMemory doesn't match image C:\Users\Tancredi Cavallari\Desktop\Flamy's riddles\Flamy-s-Riddles-\Flamy-s-Riddles--main\Flamy\Library\PackageCache\com.unity.visualscripting@1.6.1\Editor\VisualScripting.Core\Dependencies\YamlDotNet\Unity.VisualScripting.YamlDotNet.dll
Native extension for WindowsStandalone target not found
Native extension for WebGL target not found
Refreshing native plugins compatible for Editor in 142.37 ms, found 11 plugins.
Preloading 1 native plugins for Editor in 0.09 ms.
[XR] OculusXRPlugin: registering subsystems
[XR] Unable to register display lifecyle provider: [1]
[XR] Oculus Input lifecycle provider registered.
[XR] Unable to register input lifecyle provider: [1]
System.Reflection.TargetInvocationException: Exception has been thrown by the target of an invocation. ---> System.NullReferenceException: Object reference not set to an instance of an object
  at Unity.XR.Oculus.OculusLoader.AssetPathToAbsolutePath (System.String assetPath) [0x00048] in C:\Users\Tancredi Cavallari\Desktop\Flamy's riddles\Flamy-s-Riddles-\Flamy-s-Riddles--main\Flamy\Library\PackageCache\com.unity.xr.oculus@1.10.0\Runtime\OculusLoader.cs:250 
  at Unity.XR.Oculus.OculusLoader.EditorLoadOVRPlugin () [0x0007b] in C:\Users\Tancredi Cavallari\Desktop\Flamy's riddles\Flamy-s-Riddles-\Flamy-s-Riddles--main\Flamy\Library\PackageCache\com.unity.xr.oculus@1.10.0\Runtime\OculusLoader.cs:235 
  at (wrapper managed-to-native) System.Reflection.MonoMethod.InternalInvoke(System.Reflection.MonoMethod,object,object[],System.Exception&)
  at System.Reflection.MonoMethod.Invoke (System.Object obj, System.Reflection.BindingFlags invokeAttr, System.Reflection.Binder binder, System.Object[] parameters, System.Globalization.CultureInfo culture) [0x00032] in <695d1cc93cca45069c528c15c9fdd749>:0 
   --- End of inner exception stack trace ---
  at System.Reflection.MonoMethod.Invoke (System.Object obj, System.Reflection.BindingFlags invokeAttr, System.Reflection.Binder binder, System.Object[] parameters, System.Globalization.CultureInfo culture) [0x00048] in <695d1cc93cca45069c528c15c9fdd749>:0 
  at System.Reflection.MethodBase.Invoke (System.Object obj, System.Object[] parameters) [0x00000] in <695d1cc93cca45069c528c15c9fdd749>:0 
  at UnityEditor.EditorAssemblies.ProcessInitializeOnLoadMethodAttributes () [0x00047] in <f9051bbfec05422cad88da502b7617ba>:0 
UnityEngine.StackTraceUtility:ExtractStackTrace ()
UnityEngine.DebugLogHandler:LogFormat (UnityEngine.LogType,UnityEngine.Object,string,object[])
UnityEngine.Logger:Log (UnityEngine.LogType,object)
UnityEngine.Debug:LogError (object)
UnityEditor.EditorAssemblies:ProcessInitializeOnLoadMethodAttributes ()

Mono: successfully reloaded assembly
- Completed reload, in  2.206 seconds
Domain Reload Profiling:
	ReloadAssembly (2206ms)
		BeginReloadAssembly (292ms)
			ExecutionOrderSort (0ms)
			DisableScriptedObjects (6ms)
			BackupInstance (0ms)
			ReleaseScriptingObjects (0ms)
			CreateAndSetChildDomain (34ms)
		EndReloadAssembly (1803ms)
			LoadAssemblies (225ms)
			RebuildTransferFunctionScriptingTraits (0ms)
			SetupTypeCache (674ms)
			ReleaseScriptCaches (1ms)
			RebuildScriptCaches (131ms)
			SetupLoadedEditorAssemblies (675ms)
				LogAssemblyErrors (0ms)
				InitializePlatformSupportModulesInManaged (5ms)
				SetLoadedEditorAssemblies (0ms)
				RefreshPlugins (143ms)
				BeforeProcessingInitializeOnLoad (170ms)
				ProcessInitializeOnLoadAttributes (320ms)
				ProcessInitializeOnLoadMethodAttributes (21ms)
				AfterProcessingInitializeOnLoad (16ms)
				EditorAssembliesLoaded (0ms)
			ExecutionOrderSort2 (0ms)
			AwakeInstancesAfterBackupRestoration (6ms)
Platform modules already initialized, skipping
========================================================================
Worker process is ready to serve import requests
Launched and connected shader compiler UnityShaderCompiler.exe after 0.05 seconds
Refreshing native plugins compatible for Editor in 1.12 ms, found 11 plugins.
Preloading 1 native plugins for Editor in 0.09 ms.
Unloading 5658 Unused Serialized files (Serialized files now loaded: 0)
System memory in use before: 225.2 MB.
System memory in use after: 220.7 MB.

Unloading 106 unused Assets to reduce memory usage. Loaded Objects now: 6063.
Total: 5.163300 ms (FindLiveObjects: 0.444600 ms CreateObjectMapping: 0.268500 ms MarkObjects: 2.892500 ms  DeleteObjects: 1.557100 ms)

AssetImportParameters requested are different than current active one (requested -> active):
  custom:framework-win-MediaFoundation: 216162199b28c13a410421893ffa2e32 -> 
  custom:video-decoder-ogg-theora: a1e56fd34408186e4bbccfd4996cb3dc -> 
  custom:container-muxer-webm: aa71ff27fc2769a1b78a27578f13a17b -> 
  custom:container-demuxer-webm: 4f35f7cbe854078d1ac9338744f61a02 -> 
  custom:container-demuxer-ogg: 62fdf1f143b41e24485cea50d1cbac27 -> 
  custom:video-encoder-webm-vp8: eb34c28f22e8b96e1ab97ce403110664 -> 
  custom:video-codec-MediaFoundation-h265: 746d11721c4dcdbdad8f713fa42b33f4 -> 
  custom:video-decoder-webm-vp8: 9c59270c3fd7afecdb556c50c9e8de78 -> 
  custom:audio-decoder-ogg-vorbis: bf7c407c2cedff20999df2af8eb42d56 -> 
  custom:audio-encoder-webm-vorbis: bf7c407c2cedff20999df2af8eb42d56 -> 
========================================================================
Received Import Request.
  path: Assets/VR Beginner/VFX/SharedTextures/EyeIconBell.png
  artifactKey: Guid(acf28287634f8ca4d96e71c03478a2c3) Importer(815301076,1909f56bfc062723c751e8b465ee728b)
Start importing Assets/VR Beginner/VFX/SharedTextures/EyeIconBell.png using Guid(acf28287634f8ca4d96e71c03478a2c3) Importer(815301076,1909f56bfc062723c751e8b465ee728b)  -> (artifact id: '1d0af8f098c38a64024c0c9dec83a140') in 0.125309 seconds 
========================================================================
Received Import Request.
  Time since last request: 2190.940050 seconds.
  path: Assets/VR Beginner/VFX/Potions/LiquidParticlePurple.mat
  artifactKey: Guid(daace3f9d5a4b82449e68870095108da) Importer(815301076,1909f56bfc062723c751e8b465ee728b)
Start importing Assets/VR Beginner/VFX/Potions/LiquidParticlePurple.mat using Guid(daace3f9d5a4b82449e68870095108da) Importer(815301076,1909f56bfc062723c751e8b465ee728b)  -> (artifact id: 'adc30fa9794e0aaece2bb6f3c40d7fdc') in 0.346302 seconds 
========================================================================
Received Import Request.
  Time since last request: 14.797997 seconds.
  path: Assets/VR Beginner/VFX/Potions/LiquidParticleGreen.mat
  artifactKey: Guid(4f86b2cac8cedbb418ddb9f1c311ce40) Importer(815301076,1909f56bfc062723c751e8b465ee728b)
Start importing Assets/VR Beginner/VFX/Potions/LiquidParticleGreen.mat using Guid(4f86b2cac8cedbb418ddb9f1c311ce40) Importer(815301076,1909f56bfc062723c751e8b465ee728b)  -> (artifact id: '86fe3c8d98d4e23ad5c369f81aa6c1b4') in 0.023529 seconds 
========================================================================
Received Import Request.
  Time since last request: 741.047530 seconds.
  path: Assets/VR Beginner/Models/PotionBottle2Broken.FBX
  artifactKey: Guid(3130254a08bc60f47ac3d85dd5850226) Importer(815301076,1909f56bfc062723c751e8b465ee728b)
Start importing Assets/VR Beginner/Models/PotionBottle2Broken.FBX using Guid(3130254a08bc60f47ac3d85dd5850226) Importer(815301076,1909f56bfc062723c751e8b465ee728b)  -> (artifact id: 'd8347d10b1564bf803179aa2674611ad') in 0.381673 seconds 
========================================================================
Received Import Request.
  Time since last request: 0.000417 seconds.
  path: Assets/VR Beginner/Models/Wristwatch.fbx
  artifactKey: Guid(e1913292ecadc644e93488c1e3d216e3) Importer(815301076,1909f56bfc062723c751e8b465ee728b)
Start importing Assets/VR Beginner/Models/Wristwatch.fbx using Guid(e1913292ecadc644e93488c1e3d216e3) Importer(815301076,1909f56bfc062723c751e8b465ee728b)  -> (artifact id: '23c7895e7d512eb16a4332d1e4656507') in 0.221305 seconds 
========================================================================
Received Import Request.
  Time since last request: 0.000380 seconds.
  path: Assets/VR Beginner/VFX/Teleporter/TeleporterBeam.FBX
  artifactKey: Guid(ca3902aea3bd1c641970767996c30a95) Importer(815301076,1909f56bfc062723c751e8b465ee728b)
Start importing Assets/VR Beginner/VFX/Teleporter/TeleporterBeam.FBX using Guid(ca3902aea3bd1c641970767996c30a95) Importer(815301076,1909f56bfc062723c751e8b465ee728b)  -> (artifact id: 'be54de3e6ffbb32b30aa38f6cde5e4b1') in 0.050282 seconds 
========================================================================
Received Import Request.
  Time since last request: 0.000220 seconds.
  path: Assets/VR Beginner/Models/DevilTotem.fbx
  artifactKey: Guid(1821071dd69db7641a890e3392d28503) Importer(815301076,1909f56bfc062723c751e8b465ee728b)
Start importing Assets/VR Beginner/Models/DevilTotem.fbx using Guid(1821071dd69db7641a890e3392d28503) Importer(815301076,1909f56bfc062723c751e8b465ee728b)  -> (artifact id: 'f274bdcf482c69fd8cfe6d0b2cea0d14') in 0.056088 seconds 
========================================================================
Received Import Request.
  Time since last request: 0.000338 seconds.
  path: Assets/VR Beginner/Models/Cauldron.fbx
  artifactKey: Guid(1a3240bcf8b6ca44ab94979b7e24cde1) Importer(815301076,1909f56bfc062723c751e8b465ee728b)
Start importing Assets/VR Beginner/Models/Cauldron.fbx using Guid(1a3240bcf8b6ca44ab94979b7e24cde1) Importer(815301076,1909f56bfc062723c751e8b465ee728b)  -> (artifact id: 'af3654cf848225f9dffc9a632172d47c') in 0.231241 seconds 
========================================================================
Received Import Request.
  Time since last request: 0.000457 seconds.
  path: Assets/VR Beginner/Models/CauldronPipe.fbx
  artifactKey: Guid(ad77cbe223d0f5e459175facc032b464) Importer(815301076,1909f56bfc062723c751e8b465ee728b)
Start importing Assets/VR Beginner/Models/CauldronPipe.fbx using Guid(ad77cbe223d0f5e459175facc032b464) Importer(815301076,1909f56bfc062723c751e8b465ee728b)  -> (artifact id: 'd379ab81366c3c61e6851b6c6b12c673') in 0.092809 seconds 
========================================================================
Received Import Request.
  Time since last request: 0.000448 seconds.
  path: Assets/VR Beginner/Models/Lantern.FBX
  artifactKey: Guid(0e429b6db5811e348b367b6781fdf0aa) Importer(815301076,1909f56bfc062723c751e8b465ee728b)
Start importing Assets/VR Beginner/Models/Lantern.FBX using Guid(0e429b6db5811e348b367b6781fdf0aa) Importer(815301076,1909f56bfc062723c751e8b465ee728b)  -> (artifact id: '3df17dc49d57b8574af6ff057813665a') in 0.094681 seconds 
========================================================================
Received Import Request.
  Time since last request: 0.000550 seconds.
  path: Assets/VR Beginner/Models/Radio.FBX
  artifactKey: Guid(6cf01a2728405b142859ffd2796ff3b8) Importer(815301076,1909f56bfc062723c751e8b465ee728b)
Start importing Assets/VR Beginner/Models/Radio.FBX using Guid(6cf01a2728405b142859ffd2796ff3b8) Importer(815301076,1909f56bfc062723c751e8b465ee728b)  -> (artifact id: 'ec049fc27c016daa1f6437a9490435f0') in 0.122546 seconds 
========================================================================
Received Import Request.
  Time since last request: 0.000437 seconds.
  path: Assets/VR Beginner/Models/PotionBottleBroken1.FBX
  artifactKey: Guid(aa92cc555032b1b4aa578cc3c0eb0bf5) Importer(815301076,1909f56bfc062723c751e8b465ee728b)
Start importing Assets/VR Beginner/Models/PotionBottleBroken1.FBX using Guid(aa92cc555032b1b4aa578cc3c0eb0bf5) Importer(815301076,1909f56bfc062723c751e8b465ee728b)  -> (artifact id: '55f99cd852cc500c60c4e76739b8a2e1') in 0.336769 seconds 
========================================================================
Received Import Request.
  Time since last request: 0.000420 seconds.
  path: Assets/VR Beginner/Models/OutdoorShack.fbx
  artifactKey: Guid(2b9378a5444ba4248a76a880faefbf2e) Importer(815301076,1909f56bfc062723c751e8b465ee728b)
Start importing Assets/VR Beginner/Models/OutdoorShack.fbx using Guid(2b9378a5444ba4248a76a880faefbf2e) Importer(815301076,1909f56bfc062723c751e8b465ee728b)  -> (artifact id: '013e868a315e20277798bcd72c97d1df') in 0.067519 seconds 
========================================================================
Received Import Request.
  Time since last request: 0.000589 seconds.
  path: Assets/VR Beginner/Models/Toaster.fbx
  artifactKey: Guid(ceb05cd7b14eed644827add74f9edb54) Importer(815301076,1909f56bfc062723c751e8b465ee728b)
Start importing Assets/VR Beginner/Models/Toaster.fbx using Guid(ceb05cd7b14eed644827add74f9edb54) Importer(815301076,1909f56bfc062723c751e8b465ee728b)  -> (artifact id: '451bd48328a2421e24b4efb99aa980f2') in 0.300748 seconds 
========================================================================
Received Import Request.
  Time since last request: 0.000573 seconds.
  path: Assets/VR Beginner/Models/Fan.fbx
  artifactKey: Guid(8b369e09821adb7478bc5e32e87dfa4f) Importer(815301076,1909f56bfc062723c751e8b465ee728b)
Start importing Assets/VR Beginner/Models/Fan.fbx using Guid(8b369e09821adb7478bc5e32e87dfa4f) Importer(815301076,1909f56bfc062723c751e8b465ee728b)  -> (artifact id: '2f9b877ba9ef80f8cf0ec5d3b976c5d2') in 0.082797 seconds 
========================================================================
Received Import Request.
  Time since last request: 0.000605 seconds.
  path: Assets/VR Beginner/Animations/CauldronLidAnimation.fbx
  artifactKey: Guid(2ab8f38c93427174ab46ab73754f849e) Importer(815301076,1909f56bfc062723c751e8b465ee728b)
Start importing Assets/VR Beginner/Animations/CauldronLidAnimation.fbx using Guid(2ab8f38c93427174ab46ab73754f849e) Importer(815301076,1909f56bfc062723c751e8b465ee728b)  -> (artifact id: '241fc75aef9d45663a7c6fffacc61433') in 0.244894 seconds 
========================================================================
Received Import Request.
  Time since last request: 0.001041 seconds.
  path: Assets/VR Beginner/Models/ExitDoorLock.fbx
  artifactKey: Guid(8ea4b39c0a3dadf4a83b18bb42e5d3fd) Importer(815301076,1909f56bfc062723c751e8b465ee728b)
Start importing Assets/VR Beginner/Models/ExitDoorLock.fbx using Guid(8ea4b39c0a3dadf4a83b18bb42e5d3fd) Importer(815301076,1909f56bfc062723c751e8b465ee728b)  -> (artifact id: 'ad2114d621d8fc29ebdd6d560618486a') in 0.118590 seconds 
========================================================================
Received Import Request.
  Time since last request: 0.000651 seconds.
  path: Assets/VR Beginner/Models/ExitDoor.fbx
  artifactKey: Guid(9e19df0f58a75e94c94e163777b11ba1) Importer(815301076,1909f56bfc062723c751e8b465ee728b)
Start importing Assets/VR Beginner/Models/ExitDoor.fbx using Guid(9e19df0f58a75e94c94e163777b11ba1) Importer(815301076,1909f56bfc062723c751e8b465ee728b)  -> (artifact id: '24c3b5106d17498e0e6fffe1a1648a21') in 0.091631 seconds 
========================================================================
Received Import Request.
  Time since last request: 0.000586 seconds.
  path: Assets/VR Beginner/Models/CaudronFlush.fbx
  artifactKey: Guid(825f6c1d307a67b41822de80e3aa4f80) Importer(815301076,1909f56bfc062723c751e8b465ee728b)
Start importing Assets/VR Beginner/Models/CaudronFlush.fbx using Guid(825f6c1d307a67b41822de80e3aa4f80) Importer(815301076,1909f56bfc062723c751e8b465ee728b)  -> (artifact id: 'd1ab9ff2bbbda2e3399897deb141241b') in 0.060550 seconds 
========================================================================
Received Import Request.
  Time since last request: 0.000575 seconds.
  path: Assets/Multistory Dungeons 2/Meshes/SRC_Props/Candle_04.fbx
  artifactKey: Guid(f942b92b70de4cbf868373c831d161a8) Importer(815301076,1909f56bfc062723c751e8b465ee728b)
Start importing Assets/Multistory Dungeons 2/Meshes/SRC_Props/Candle_04.fbx using Guid(f942b92b70de4cbf868373c831d161a8) Importer(815301076,1909f56bfc062723c751e8b465ee728b)  -> (artifact id: '9ffe8b0cdb4c589178a90ec02e0bdcba') in 0.084634 seconds 
========================================================================
Received Import Request.
  Time since last request: 0.000585 seconds.
  path: Assets/VR Beginner/Models/Desk.fbx
  artifactKey: Guid(3f6b53ff11f455d4f920d187cb688cbe) Importer(815301076,1909f56bfc062723c751e8b465ee728b)
Start importing Assets/VR Beginner/Models/Desk.fbx using Guid(3f6b53ff11f455d4f920d187cb688cbe) Importer(815301076,1909f56bfc062723c751e8b465ee728b)  -> (artifact id: '3942f65a71c3ac9200a65c5e2f36e080') in 0.414814 seconds 
========================================================================
Received Import Request.
  Time since last request: 0.000769 seconds.
  path: Assets/Multistory Dungeons 2/Meshes/SRC_Props/Candles_04.fbx
  artifactKey: Guid(45c85ab68b334017a3339aa92e775c94) Importer(815301076,1909f56bfc062723c751e8b465ee728b)
Start importing Assets/Multistory Dungeons 2/Meshes/SRC_Props/Candles_04.fbx using Guid(45c85ab68b334017a3339aa92e775c94) Importer(815301076,1909f56bfc062723c751e8b465ee728b)  -> (artifact id: 'b3b41e30796dc650f5d035a1b83ab8d2') in 0.065674 seconds 
========================================================================
Received Import Request.
  Time since last request: 0.000501 seconds.
  path: Assets/VR Beginner/Models/Feather.FBX
  artifactKey: Guid(b1a4fecd72cff5f43938365167c80fc5) Importer(815301076,1909f56bfc062723c751e8b465ee728b)
Start importing Assets/VR Beginner/Models/Feather.FBX using Guid(b1a4fecd72cff5f43938365167c80fc5) Importer(815301076,1909f56bfc062723c751e8b465ee728b)  -> (artifact id: '9dc22dbf89fa87fd26f50ece50b89179') in 0.050191 seconds 
========================================================================
Received Import Request.
  Time since last request: 0.000398 seconds.
  path: Assets/VR Beginner/Models/ExitDoorParticleMesh.fbx
  artifactKey: Guid(8b74c2e2692e1ab41a0221c6380c24dd) Importer(815301076,1909f56bfc062723c751e8b465ee728b)
Start importing Assets/VR Beginner/Models/ExitDoorParticleMesh.fbx using Guid(8b74c2e2692e1ab41a0221c6380c24dd) Importer(815301076,1909f56bfc062723c751e8b465ee728b)  -> (artifact id: '58a7757960707277476962453d74d146') in 0.040072 seconds 
========================================================================
Received Import Request.
  Time since last request: 0.000450 seconds.
  path: Assets/VR Beginner/Models/Carpet.fbx
  artifactKey: Guid(379d0e8bcb7263044ba0fbca05d6a5df) Importer(815301076,1909f56bfc062723c751e8b465ee728b)
Start importing Assets/VR Beginner/Models/Carpet.fbx using Guid(379d0e8bcb7263044ba0fbca05d6a5df) Importer(815301076,1909f56bfc062723c751e8b465ee728b)  -> (artifact id: 'cb81bc6acafc403cd4e0dcfba1988b44') in 0.079940 seconds 
========================================================================
Received Import Request.
  Time since last request: 0.000363 seconds.
  path: Assets/Multistory Dungeons 2/Meshes/SRC_Props/Candle_03.fbx
  artifactKey: Guid(6ab8b1a90cf24fad82ef8f5222543c83) Importer(815301076,1909f56bfc062723c751e8b465ee728b)
Start importing Assets/Multistory Dungeons 2/Meshes/SRC_Props/Candle_03.fbx using Guid(6ab8b1a90cf24fad82ef8f5222543c83) Importer(815301076,1909f56bfc062723c751e8b465ee728b)  -> (artifact id: 'ded8260eb06d5072c579ca9f46cf374c') in 0.062448 seconds 
========================================================================
Received Import Request.
  Time since last request: 0.000497 seconds.
  path: Assets/VR Beginner/Models/CauldronTarget.fbx
  artifactKey: Guid(d2bcb8a54aa973f41a000a0899fe03f7) Importer(815301076,1909f56bfc062723c751e8b465ee728b)
Start importing Assets/VR Beginner/Models/CauldronTarget.fbx using Guid(d2bcb8a54aa973f41a000a0899fe03f7) Importer(815301076,1909f56bfc062723c751e8b465ee728b)  -> (artifact id: '4fbb380461ecb763d43d68354a4b4e82') in 0.053156 seconds 
========================================================================
Received Import Request.
  Time since last request: 0.000501 seconds.
  path: Assets/VR Beginner/Models/Fences.fbx
  artifactKey: Guid(78e85f1f603147b4da3fefd6e3c3e5dc) Importer(815301076,1909f56bfc062723c751e8b465ee728b)
Start importing Assets/VR Beginner/Models/Fences.fbx using Guid(78e85f1f603147b4da3fefd6e3c3e5dc) Importer(815301076,1909f56bfc062723c751e8b465ee728b)  -> (artifact id: '9a56bfa5daf80de22f1b9add74b157b9') in 0.734032 seconds 
========================================================================
Received Import Request.
  Time since last request: 0.000304 seconds.
  path: Assets/VR Beginner/Models/InstructionsOpenCauldron.fbx
  artifactKey: Guid(2d86c9f63947c9f4eaff594f63ab99b0) Importer(815301076,1909f56bfc062723c751e8b465ee728b)
Start importing Assets/VR Beginner/Models/InstructionsOpenCauldron.fbx using Guid(2d86c9f63947c9f4eaff594f63ab99b0) Importer(815301076,1909f56bfc062723c751e8b465ee728b)  -> (artifact id: '6e5735e7b92dd558e7f686fd52458a13') in 0.025315 seconds 
========================================================================
Received Import Request.
  Time since last request: 0.000316 seconds.
  path: Assets/Multistory Dungeons 2/Meshes/SRC_Props/Candles_03.fbx
  artifactKey: Guid(10a60905fda14a07a7cbe0ec24898c54) Importer(815301076,1909f56bfc062723c751e8b465ee728b)
Start importing Assets/Multistory Dungeons 2/Meshes/SRC_Props/Candles_03.fbx using Guid(10a60905fda14a07a7cbe0ec24898c54) Importer(815301076,1909f56bfc062723c751e8b465ee728b)  -> (artifact id: 'dbb29b20a1f95974b29390e0ace7e63f') in 0.058871 seconds 
========================================================================
Received Import Request.
  Time since last request: 0.000316 seconds.
  path: Assets/VR Beginner/Models/Chest.fbx
  artifactKey: Guid(1dd0e976dcd6be9438665e568cab31ea) Importer(815301076,1909f56bfc062723c751e8b465ee728b)
Start importing Assets/VR Beginner/Models/Chest.fbx using Guid(1dd0e976dcd6be9438665e568cab31ea) Importer(815301076,1909f56bfc062723c751e8b465ee728b)  -> (artifact id: '6863444e8d12b6c47b7028c324c437e6') in 0.090617 seconds 
========================================================================
Received Import Request.
  Time since last request: 0.000832 seconds.
  path: Assets/VR Beginner/Models/InstructionsTelekinesis.FBX
  artifactKey: Guid(d8d2436aa271b3041b49e63c4b92691b) Importer(815301076,1909f56bfc062723c751e8b465ee728b)
Start importing Assets/VR Beginner/Models/InstructionsTelekinesis.FBX using Guid(d8d2436aa271b3041b49e63c4b92691b) Importer(815301076,1909f56bfc062723c751e8b465ee728b)  -> (artifact id: '7214b75cd6a65a6026d6864c5740b19d') in 0.091517 seconds 
========================================================================
Received Import Request.
  Time since last request: 0.000459 seconds.
  path: Assets/VR Beginner/Models/Flashlight.FBX
  artifactKey: Guid(f13e65634bd5b3749b0ee3c8ab27b8f4) Importer(815301076,1909f56bfc062723c751e8b465ee728b)
Start importing Assets/VR Beginner/Models/Flashlight.FBX using Guid(f13e65634bd5b3749b0ee3c8ab27b8f4) Importer(815301076,1909f56bfc062723c751e8b465ee728b)  -> (artifact id: '44c573149a314dbb822e7af3c6ebe438') in 0.096282 seconds 
========================================================================
Received Import Request.
  Time since last request: 0.000469 seconds.
  path: Assets/VR Beginner/Models/ghostToy.fbx
  artifactKey: Guid(82b96c091c6d92646ba83061cbc72d1a) Importer(815301076,1909f56bfc062723c751e8b465ee728b)
Start importing Assets/VR Beginner/Models/ghostToy.fbx using Guid(82b96c091c6d92646ba83061cbc72d1a) Importer(815301076,1909f56bfc062723c751e8b465ee728b)  -> (artifact id: 'f134c9f290240f1ba6258c65b1f04929') in 0.057588 seconds 
========================================================================
Received Import Request.
  Time since last request: 0.000472 seconds.
  path: Assets/VR Beginner/Models/FireBoy.fbx
  artifactKey: Guid(c7be5e3d1b69f3b4a8853a4daec7d5d2) Importer(815301076,1909f56bfc062723c751e8b465ee728b)
Start importing Assets/VR Beginner/Models/FireBoy.fbx using Guid(c7be5e3d1b69f3b4a8853a4daec7d5d2) Importer(815301076,1909f56bfc062723c751e8b465ee728b)  -> (artifact id: 'bd6b00e1c257b3d00468b045eb570e36') in 0.107304 seconds 
========================================================================
Received Import Request.
  Time since last request: 0.000513 seconds.
  path: Assets/VR Beginner/Models/Thermostat.fbx
  artifactKey: Guid(e13ccf4a61408af4cb902275e5a5d161) Importer(815301076,1909f56bfc062723c751e8b465ee728b)
Start importing Assets/VR Beginner/Models/Thermostat.fbx using Guid(e13ccf4a61408af4cb902275e5a5d161) Importer(815301076,1909f56bfc062723c751e8b465ee728b)  -> (artifact id: '570244d3c1c9bd93590ffdf1b9d3cb58') in 0.220061 seconds 
========================================================================
Received Import Request.
  Time since last request: 0.000515 seconds.
  path: Assets/VR Beginner/Models/Cheese.FBX
  artifactKey: Guid(bd5c9c26ed82ab34db467c39d05ecbdc) Importer(815301076,1909f56bfc062723c751e8b465ee728b)
Start importing Assets/VR Beginner/Models/Cheese.FBX using Guid(bd5c9c26ed82ab34db467c39d05ecbdc) Importer(815301076,1909f56bfc062723c751e8b465ee728b)  -> (artifact id: 'a9091c05780759b07ad278c3eebecd53') in 0.055353 seconds 
========================================================================
Received Import Request.
  Time since last request: 0.000404 seconds.
  path: Assets/VR Beginner/Models/Fusebox.FBX
  artifactKey: Guid(5bfaf6b7d0928674cbb4e5f3a5e29083) Importer(815301076,1909f56bfc062723c751e8b465ee728b)
Start importing Assets/VR Beginner/Models/Fusebox.FBX using Guid(5bfaf6b7d0928674cbb4e5f3a5e29083) Importer(815301076,1909f56bfc062723c751e8b465ee728b)  -> (artifact id: '43351f198cea5a23a3893debc3ba76ff') in 0.141579 seconds 
========================================================================
Received Import Request.
  Time since last request: 0.000790 seconds.
  path: Assets/VR Beginner/Models/WitchHouse.fbx
  artifactKey: Guid(b46a848a5ea4d0f4d9784aaaff85e23a) Importer(815301076,1909f56bfc062723c751e8b465ee728b)
Start importing Assets/VR Beginner/Models/WitchHouse.fbx using Guid(b46a848a5ea4d0f4d9784aaaff85e23a) Importer(815301076,1909f56bfc062723c751e8b465ee728b)  -> (artifact id: '4587483dfccaafa60cb2400dbdac99f4') in 0.845080 seconds 
========================================================================
Received Import Request.
  Time since last request: 0.000441 seconds.
  path: Assets/VR Beginner/Models/BookNavy.fbx
  artifactKey: Guid(da46f27ebeb7d3947b9497ee161a31ed) Importer(815301076,1909f56bfc062723c751e8b465ee728b)
Start importing Assets/VR Beginner/Models/BookNavy.fbx using Guid(da46f27ebeb7d3947b9497ee161a31ed) Importer(815301076,1909f56bfc062723c751e8b465ee728b)  -> (artifact id: 'ca6c215f144fc6cc38a1ab6e2f8410c0') in 0.051701 seconds 
========================================================================
Received Import Request.
  Time since last request: 0.000398 seconds.
  path: Assets/VR Beginner/Models/BookHolder.fbx
  artifactKey: Guid(899596d67b24e29409c04c7f8a5f63be) Importer(815301076,1909f56bfc062723c751e8b465ee728b)
Start importing Assets/VR Beginner/Models/BookHolder.fbx using Guid(899596d67b24e29409c04c7f8a5f63be) Importer(815301076,1909f56bfc062723c751e8b465ee728b)  -> (artifact id: '1944df450aad07196e00d644a32eb725') in 0.071995 seconds 
========================================================================
Received Import Request.
  Time since last request: 0.000409 seconds.
  path: Assets/VR Beginner/Models/BookOfSpells.fbx
  artifactKey: Guid(c0658d00c20d19d46ba322f21394d830) Importer(815301076,1909f56bfc062723c751e8b465ee728b)
Start importing Assets/VR Beginner/Models/BookOfSpells.fbx using Guid(c0658d00c20d19d46ba322f21394d830) Importer(815301076,1909f56bfc062723c751e8b465ee728b)  -> (artifact id: '4bc06882c1575bf3eaed7bee9f5c43eb') in 0.086274 seconds 
========================================================================
Received Import Request.
  Time since last request: 0.000707 seconds.
  path: Assets/VR Beginner/Models/BookVanilla.fbx
  artifactKey: Guid(bf943320b75f4c7459c045b229d3f6bb) Importer(815301076,1909f56bfc062723c751e8b465ee728b)
Start importing Assets/VR Beginner/Models/BookVanilla.fbx using Guid(bf943320b75f4c7459c045b229d3f6bb) Importer(815301076,1909f56bfc062723c751e8b465ee728b)  -> (artifact id: '347dc65e382d6af486fbda13ed6a925a') in 0.060817 seconds 
========================================================================
Received Import Request.
  Time since last request: 0.000408 seconds.
  path: Assets/VR Beginner/Models/BookBrown.fbx
  artifactKey: Guid(69d25300cfe0ff34cab94eabf22210ea) Importer(815301076,1909f56bfc062723c751e8b465ee728b)
Start importing Assets/VR Beginner/Models/BookBrown.fbx using Guid(69d25300cfe0ff34cab94eabf22210ea) Importer(815301076,1909f56bfc062723c751e8b465ee728b)  -> (artifact id: '8deced8fc5219161f31e43176ab47d12') in 0.051128 seconds 
========================================================================
Received Import Request.
  Time since last request: 0.000488 seconds.
  path: Assets/VR Beginner/Animations/BookOfSpells@Animation.fbx
  artifactKey: Guid(83c217d13a9930c4181a945d55a69c7b) Importer(815301076,1909f56bfc062723c751e8b465ee728b)
Start importing Assets/VR Beginner/Animations/BookOfSpells@Animation.fbx using Guid(83c217d13a9930c4181a945d55a69c7b) Importer(815301076,1909f56bfc062723c751e8b465ee728b)  -> (artifact id: 'dfb50fc202e6c0bedccd7ad13e3a42e7') in 0.120653 seconds 
========================================================================
Received Import Request.
  Time since last request: 0.000427 seconds.
  path: Assets/VR Beginner/Models/BubbleGun.fbx
  artifactKey: Guid(fd989c9d3f308ff44b5ab51b5df38c21) Importer(815301076,1909f56bfc062723c751e8b465ee728b)
Start importing Assets/VR Beginner/Models/BubbleGun.fbx using Guid(fd989c9d3f308ff44b5ab51b5df38c21) Importer(815301076,1909f56bfc062723c751e8b465ee728b)  -> (artifact id: '5c08d3537f7c1e2a302d38c9173827b3') in 0.056574 seconds 
========================================================================
Received Import Request.
  Time since last request: 0.000499 seconds.
  path: Assets/Multistory Dungeons 2/Meshes/SRC_Props/Candle_01.fbx
  artifactKey: Guid(aa0d00c3df2c498ba1e54bc47aa4bda9) Importer(815301076,1909f56bfc062723c751e8b465ee728b)
Start importing Assets/Multistory Dungeons 2/Meshes/SRC_Props/Candle_01.fbx using Guid(aa0d00c3df2c498ba1e54bc47aa4bda9) Importer(815301076,1909f56bfc062723c751e8b465ee728b)  -> (artifact id: 'de84c3e2874e26bdbd728009d505d437') in 0.086313 seconds 
========================================================================
Received Import Request.
  Time since last request: 0.000468 seconds.
  path: Assets/VR Beginner/Animations/FireBoy@Idle.fbx
  artifactKey: Guid(e0d632c8ceee21f458d2688f921b29b5) Importer(815301076,1909f56bfc062723c751e8b465ee728b)
Start importing Assets/VR Beginner/Animations/FireBoy@Idle.fbx using Guid(e0d632c8ceee21f458d2688f921b29b5) Importer(815301076,1909f56bfc062723c751e8b465ee728b)  -> (artifact id: 'd14add96e6673e07db0e9e3c9e72bc39') in 0.083698 seconds 
========================================================================
Received Import Request.
  Time since last request: 0.000483 seconds.
  path: Assets/VR Beginner/Models/FuseObject.FBX
  artifactKey: Guid(e823a873e63743c4894c28c0a891f016) Importer(815301076,1909f56bfc062723c751e8b465ee728b)
Start importing Assets/VR Beginner/Models/FuseObject.FBX using Guid(e823a873e63743c4894c28c0a891f016) Importer(815301076,1909f56bfc062723c751e8b465ee728b)  -> (artifact id: 'c994a10cc3bd57e7ee87984b290fb37f') in 0.100375 seconds 
========================================================================
Received Import Request.
  Time since last request: 0.000756 seconds.
  path: Assets/Multistory Dungeons 2/Meshes/SRC_Props/Candles_05.fbx
  artifactKey: Guid(3bd9b56765ed4e049f0714d927c8da39) Importer(815301076,1909f56bfc062723c751e8b465ee728b)
Start importing Assets/Multistory Dungeons 2/Meshes/SRC_Props/Candles_05.fbx using Guid(3bd9b56765ed4e049f0714d927c8da39) Importer(815301076,1909f56bfc062723c751e8b465ee728b)  -> (artifact id: 'ee3065209ca3d25b471696d1dafc196f') in 0.062997 seconds 
========================================================================
Received Import Request.
  Time since last request: 5.340048 seconds.
  path: Assets/VR Beginner/Models/RemoteController.fbx
  artifactKey: Guid(305bb086ba1c9e344ae0c20ec60eab1e) Importer(815301076,1909f56bfc062723c751e8b465ee728b)
Start importing Assets/VR Beginner/Models/RemoteController.fbx using Guid(305bb086ba1c9e344ae0c20ec60eab1e) Importer(815301076,1909f56bfc062723c751e8b465ee728b)  -> (artifact id: '8ae8878db341d1d0e445d6bc3aa8b761') in 0.139771 seconds 
========================================================================
Received Import Request.
  Time since last request: 0.000751 seconds.
  path: Assets/VR Beginner/Models/BookGreen.fbx
  artifactKey: Guid(8bf410868a62ffd49834417a557e760c) Importer(815301076,1909f56bfc062723c751e8b465ee728b)
Start importing Assets/VR Beginner/Models/BookGreen.fbx using Guid(8bf410868a62ffd49834417a557e760c) Importer(815301076,1909f56bfc062723c751e8b465ee728b)  -> (artifact id: 'ca746752e29114d71949d516aad528f0') in 0.053310 seconds 
========================================================================
Received Import Request.
  Time since last request: 0.000385 seconds.
  path: Assets/VR Beginner/Models/BookRed.fbx
  artifactKey: Guid(f0e429f9867e60a4bb625920c1d9a937) Importer(815301076,1909f56bfc062723c751e8b465ee728b)
Start importing Assets/VR Beginner/Models/BookRed.fbx using Guid(f0e429f9867e60a4bb625920c1d9a937) Importer(815301076,1909f56bfc062723c751e8b465ee728b)  -> (artifact id: 'd3ef2b785dee799c1b615740d850e81d') in 0.100221 seconds 
========================================================================
Received Import Request.
  Time since last request: 0.000777 seconds.
  path: Assets/VR Beginner/Models/BookBlue.fbx
  artifactKey: Guid(3997bb47d750c6b43a45ffbe9a805fde) Importer(815301076,1909f56bfc062723c751e8b465ee728b)
Start importing Assets/VR Beginner/Models/BookBlue.fbx using Guid(3997bb47d750c6b43a45ffbe9a805fde) Importer(815301076,1909f56bfc062723c751e8b465ee728b)  -> (artifact id: '30a3d4e78ad1378c632240d345d79cab') in 0.056206 seconds 
========================================================================
Received Import Request.
  Time since last request: 3.089696 seconds.
  path: Assets/VR Beginner/Models/PotionBottle1.FBX
  artifactKey: Guid(a795a3a3f0cabd645bcc05e4caa8df92) Importer(815301076,1909f56bfc062723c751e8b465ee728b)
Start importing Assets/VR Beginner/Models/PotionBottle1.FBX using Guid(a795a3a3f0cabd645bcc05e4caa8df92) Importer(815301076,1909f56bfc062723c751e8b465ee728b)  -> (artifact id: '5faed50580ba2f46b24cbd4a685c5806') in 0.123879 seconds 
========================================================================
Received Import Request.
  Time since last request: 0.000722 seconds.
  path: Assets/VR Beginner/Models/InstructionsIngredients.fbx
  artifactKey: Guid(b4a4f7336e1f91c40897a521e35cdc28) Importer(815301076,1909f56bfc062723c751e8b465ee728b)
Start importing Assets/VR Beginner/Models/InstructionsIngredients.fbx using Guid(b4a4f7336e1f91c40897a521e35cdc28) Importer(815301076,1909f56bfc062723c751e8b465ee728b)  -> (artifact id: '87199beb993073a58f519361274a1516') in 0.167960 seconds 
========================================================================
Received Import Request.
  Time since last request: 0.000406 seconds.
  path: Assets/VR Beginner/Models/InstructionsGrabAndBook.fbx
  artifactKey: Guid(dcaeb88f6d06ff149abbb96a2471495e) Importer(815301076,1909f56bfc062723c751e8b465ee728b)
Start importing Assets/VR Beginner/Models/InstructionsGrabAndBook.fbx using Guid(dcaeb88f6d06ff149abbb96a2471495e) Importer(815301076,1909f56bfc062723c751e8b465ee728b)  -> (artifact id: '0f475cec6699e6da67b884b965d9f8f9') in 0.121584 seconds 
========================================================================
Received Import Request.
  Time since last request: 0.000724 seconds.
  path: Assets/VR Beginner/Models/InstructionsShootingWand.fbx
  artifactKey: Guid(7413fc233ac77474b800b213c507aaa7) Importer(815301076,1909f56bfc062723c751e8b465ee728b)
Start importing Assets/VR Beginner/Models/InstructionsShootingWand.fbx using Guid(7413fc233ac77474b800b213c507aaa7) Importer(815301076,1909f56bfc062723c751e8b465ee728b)  -> (artifact id: '10c4198bf79c285332321674404fbc10') in 0.133574 seconds 
========================================================================
Received Import Request.
  Time since last request: 0.000518 seconds.
  path: Assets/VR Beginner/Models/PotionBottle2.FBX
  artifactKey: Guid(6ba54a1627a566744b4e94ee90aa14b4) Importer(815301076,1909f56bfc062723c751e8b465ee728b)
Start importing Assets/VR Beginner/Models/PotionBottle2.FBX using Guid(6ba54a1627a566744b4e94ee90aa14b4) Importer(815301076,1909f56bfc062723c751e8b465ee728b)  -> (artifact id: 'be58890ccdacaebaf2c1719172ad9ce8') in 0.149593 seconds 
========================================================================
Received Import Request.
  Time since last request: 0.000442 seconds.
  path: Assets/VR Beginner/Models/InstructionsPopPotions.fbx
  artifactKey: Guid(c6c32db9522e21549a28c00d9477df25) Importer(815301076,1909f56bfc062723c751e8b465ee728b)
Start importing Assets/VR Beginner/Models/InstructionsPopPotions.fbx using Guid(c6c32db9522e21549a28c00d9477df25) Importer(815301076,1909f56bfc062723c751e8b465ee728b)  -> (artifact id: '6d5249b91e8a2c358f72f174e78b77ff') in 0.066436 seconds 
========================================================================
Received Import Request.
  Time since last request: 0.000540 seconds.
  path: Assets/VR Beginner/Models/Planet.fbx
  artifactKey: Guid(75b3959ca5a95d54fb8c21ae4fa542a9) Importer(815301076,1909f56bfc062723c751e8b465ee728b)
Start importing Assets/VR Beginner/Models/Planet.fbx using Guid(75b3959ca5a95d54fb8c21ae4fa542a9) Importer(815301076,1909f56bfc062723c751e8b465ee728b)  -> (artifact id: 'd46fd7ff7f88374adca9b15d29d65505') in 0.070864 seconds 
========================================================================
Received Import Request.
  Time since last request: 0.000402 seconds.
  path: Assets/VR Beginner/Models/painting2.fbx
  artifactKey: Guid(92a6901ab5c02e545a4a40fdfa767f56) Importer(815301076,1909f56bfc062723c751e8b465ee728b)
Start importing Assets/VR Beginner/Models/painting2.fbx using Guid(92a6901ab5c02e545a4a40fdfa767f56) Importer(815301076,1909f56bfc062723c751e8b465ee728b)  -> (artifact id: 'e1092e2b322e90dd40b844c9df2972f9') in 0.054754 seconds 
========================================================================
Received Import Request.
  Time since last request: 0.000396 seconds.
  path: Assets/VR Beginner/Models/Mug.fbx
  artifactKey: Guid(48224b9cb16db6e4e8e4b237da1f56e8) Importer(815301076,1909f56bfc062723c751e8b465ee728b)
Start importing Assets/VR Beginner/Models/Mug.fbx using Guid(48224b9cb16db6e4e8e4b237da1f56e8) Importer(815301076,1909f56bfc062723c751e8b465ee728b)  -> (artifact id: 'a4f1284903ccf5e01b644800e0836152') in 0.044218 seconds 
========================================================================
Received Import Request.
  Time since last request: 0.000455 seconds.
  path: Assets/VR Beginner/Models/MeatSlice.FBX
  artifactKey: Guid(4b244d23936834d418f18b8cf6c67556) Importer(815301076,1909f56bfc062723c751e8b465ee728b)
Start importing Assets/VR Beginner/Models/MeatSlice.FBX using Guid(4b244d23936834d418f18b8cf6c67556) Importer(815301076,1909f56bfc062723c751e8b465ee728b)  -> (artifact id: 'f3f9ab65c431b9ec58febee0f2d48dd6') in 0.049918 seconds 
========================================================================
Received Import Request.
  Time since last request: 0.000451 seconds.
  path: Assets/VR Beginner/Models/Drill.fbx
  artifactKey: Guid(963e50f2b6db01e459d04a2d82fe465b) Importer(815301076,1909f56bfc062723c751e8b465ee728b)
Start importing Assets/VR Beginner/Models/Drill.fbx using Guid(963e50f2b6db01e459d04a2d82fe465b) Importer(815301076,1909f56bfc062723c751e8b465ee728b)  -> (artifact id: 'd80669fb7a1498452a1ada4a12a4c139') in 0.045684 seconds 
========================================================================
Received Import Request.
  Time since last request: 0.000382 seconds.
  path: Assets/VR Beginner/Models/Hourglass.FBX
  artifactKey: Guid(6d653f30066e8f746965a303d0776256) Importer(815301076,1909f56bfc062723c751e8b465ee728b)
Start importing Assets/VR Beginner/Models/Hourglass.FBX using Guid(6d653f30066e8f746965a303d0776256) Importer(815301076,1909f56bfc062723c751e8b465ee728b)  -> (artifact id: 'b3e5fcec40ef5f61f422defd2e7dc8a6') in 0.152872 seconds 
========================================================================
Received Import Request.
  Time since last request: 0.000499 seconds.
  path: Assets/VR Beginner/Models/Kitchen.fbx
  artifactKey: Guid(1f026c8edc86aa44db691d75a4b28e21) Importer(815301076,1909f56bfc062723c751e8b465ee728b)
Start importing Assets/VR Beginner/Models/Kitchen.fbx using Guid(1f026c8edc86aa44db691d75a4b28e21) Importer(815301076,1909f56bfc062723c751e8b465ee728b)  -> (artifact id: '29a0ca0ffdc0552f3e911ee3bb7d81ff') in 0.080015 seconds 
========================================================================
Received Import Request.
  Time since last request: 0.000763 seconds.
  path: Assets/VR Beginner/Models/Sky.fbx
  artifactKey: Guid(ce04847d5a61cd54eaea6b660f6516ea) Importer(815301076,1909f56bfc062723c751e8b465ee728b)
Start importing Assets/VR Beginner/Models/Sky.fbx using Guid(ce04847d5a61cd54eaea6b660f6516ea) Importer(815301076,1909f56bfc062723c751e8b465ee728b)  -> (artifact id: '596a3ffa2579a578c21bfefb308e8b77') in 0.057891 seconds 
========================================================================
Received Import Request.
  Time since last request: 0.000446 seconds.
  path: Assets/VR Beginner/Models/PumpkingPicture.fbx
  artifactKey: Guid(99060b5187e8c494999855d830133e53) Importer(815301076,1909f56bfc062723c751e8b465ee728b)
Start importing Assets/VR Beginner/Models/PumpkingPicture.fbx using Guid(99060b5187e8c494999855d830133e53) Importer(815301076,1909f56bfc062723c751e8b465ee728b)  -> (artifact id: '2843278f4e2eab7b1c7838ce7d8eb7ad') in 0.077929 seconds 
========================================================================
Received Import Request.
  Time since last request: 0.000351 seconds.
  path: Assets/VR Beginner/Models/Wand.fbx
  artifactKey: Guid(5767d7915f9eadb48ac35b424d6a59c1) Importer(815301076,1909f56bfc062723c751e8b465ee728b)
Start importing Assets/VR Beginner/Models/Wand.fbx using Guid(5767d7915f9eadb48ac35b424d6a59c1) Importer(815301076,1909f56bfc062723c751e8b465ee728b)  -> (artifact id: 'a5b44a336a8bf9182b67033af692d3f1') in 0.062271 seconds 
========================================================================
Received Import Request.
  Time since last request: 0.000377 seconds.
  path: Assets/VR Beginner/Models/MetalPipe.fbx
  artifactKey: Guid(0a8b150a8c98bd243960dcfc107d25bf) Importer(815301076,1909f56bfc062723c751e8b465ee728b)
Start importing Assets/VR Beginner/Models/MetalPipe.fbx using Guid(0a8b150a8c98bd243960dcfc107d25bf) Importer(815301076,1909f56bfc062723c751e8b465ee728b)  -> (artifact id: '0053c97f32283660721766398196e60e') in 0.077087 seconds 
========================================================================
Received Import Request.
  Time since last request: 0.000625 seconds.
  path: Assets/VR Beginner/Models/Toothbrush.FBX
  artifactKey: Guid(92357002a1d43be4aa3c0b31adfa89fe) Importer(815301076,1909f56bfc062723c751e8b465ee728b)
Start importing Assets/VR Beginner/Models/Toothbrush.FBX using Guid(92357002a1d43be4aa3c0b31adfa89fe) Importer(815301076,1909f56bfc062723c751e8b465ee728b)  -> (artifact id: 'bfa3bc53ca324e37df8c759680b48220') in 0.056822 seconds 
========================================================================
Received Import Request.
  Time since last request: 0.000383 seconds.
  path: Assets/VR Beginner/Models/HandProto.fbx
  artifactKey: Guid(bf3939cad79ab9040bd9b59ee6829398) Importer(815301076,1909f56bfc062723c751e8b465ee728b)
Start importing Assets/VR Beginner/Models/HandProto.fbx using Guid(bf3939cad79ab9040bd9b59ee6829398) Importer(815301076,1909f56bfc062723c751e8b465ee728b)  -> (artifact id: '1010bd47fb26b0ad3a5462aaf8a8a94e') in 0.049027 seconds 
========================================================================
Received Import Request.
  Time since last request: 0.000549 seconds.
  path: Assets/VR Beginner/Models/Key.FBX
  artifactKey: Guid(fb4295e3462ff9648a34f8d626c9e25e) Importer(815301076,1909f56bfc062723c751e8b465ee728b)
Start importing Assets/VR Beginner/Models/Key.FBX using Guid(fb4295e3462ff9648a34f8d626c9e25e) Importer(815301076,1909f56bfc062723c751e8b465ee728b)  -> (artifact id: 'f9501c0225f383e9a3327ea6c92c7666') in 0.049572 seconds 
========================================================================
Received Import Request.
  Time since last request: 0.000522 seconds.
  path: Assets/VR Beginner/Models/Painting1.fbx
  artifactKey: Guid(489bd792c0f500241bfe1dc0e763a5ed) Importer(815301076,1909f56bfc062723c751e8b465ee728b)
Start importing Assets/VR Beginner/Models/Painting1.fbx using Guid(489bd792c0f500241bfe1dc0e763a5ed) Importer(815301076,1909f56bfc062723c751e8b465ee728b)  -> (artifact id: 'f1de14839a31fdbd652df8b30e46eee3') in 0.063172 seconds 
========================================================================
Received Import Request.
  Time since last request: 0.000562 seconds.
  path: Assets/VR Beginner/Models/Scarf.fbx
  artifactKey: Guid(8b5162e08e7f2b64a85fce24dc8e6abf) Importer(815301076,1909f56bfc062723c751e8b465ee728b)
Start importing Assets/VR Beginner/Models/Scarf.fbx using Guid(8b5162e08e7f2b64a85fce24dc8e6abf) Importer(815301076,1909f56bfc062723c751e8b465ee728b)  -> (artifact id: '168225c5141a8bd3b1559857d8c5d860') in 0.054874 seconds 
========================================================================
Received Import Request.
  Time since last request: 0.000420 seconds.
  path: Assets/VR Beginner/Models/Pumpking.fbx
  artifactKey: Guid(79c5935e3d3ea504db56922a02205249) Importer(815301076,1909f56bfc062723c751e8b465ee728b)
Start importing Assets/VR Beginner/Models/Pumpking.fbx using Guid(79c5935e3d3ea504db56922a02205249) Importer(815301076,1909f56bfc062723c751e8b465ee728b)  -> (artifact id: '248736a7238e7c2585bb7e9d9516aa76') in 0.050561 seconds 
========================================================================
Received Import Request.
  Time since last request: 0.000639 seconds.
  path: Assets/VR Beginner/Models/Orange.FBX
  artifactKey: Guid(23e334b94017efc478007b94d81f16d5) Importer(815301076,1909f56bfc062723c751e8b465ee728b)
Start importing Assets/VR Beginner/Models/Orange.FBX using Guid(23e334b94017efc478007b94d81f16d5) Importer(815301076,1909f56bfc062723c751e8b465ee728b)  -> (artifact id: '19f59f1b52976284d08964924e28574d') in 0.049142 seconds 
========================================================================
Received Import Request.
  Time since last request: 0.000921 seconds.
  path: Assets/VR Beginner/Models/painting3.fbx
  artifactKey: Guid(5aff463ff3c15074188bc8e24c6da077) Importer(815301076,1909f56bfc062723c751e8b465ee728b)
Start importing Assets/VR Beginner/Models/painting3.fbx using Guid(5aff463ff3c15074188bc8e24c6da077) Importer(815301076,1909f56bfc062723c751e8b465ee728b)  -> (artifact id: 'ea9fe71f727164848b36b4d21f02cbdd') in 0.049139 seconds 
========================================================================
Received Import Request.
  Time since last request: 0.000549 seconds.
  path: Assets/VR Beginner/Models/Wardrobe.fbx
  artifactKey: Guid(ec79475349af80e449b8d9267e640e9a) Importer(815301076,1909f56bfc062723c751e8b465ee728b)
Start importing Assets/VR Beginner/Models/Wardrobe.fbx using Guid(ec79475349af80e449b8d9267e640e9a) Importer(815301076,1909f56bfc062723c751e8b465ee728b)  -> (artifact id: '57295b1f1dcbdd29c22ecbf35027594e') in 0.144614 seconds 
========================================================================
Received Import Request.
  Time since last request: 0.000594 seconds.
  path: Assets/VR Beginner/Models/LaserPointer.fbx
  artifactKey: Guid(58cf52ef7d0d03f44a9b233637ae3933) Importer(815301076,1909f56bfc062723c751e8b465ee728b)
Start importing Assets/VR Beginner/Models/LaserPointer.fbx using Guid(58cf52ef7d0d03f44a9b233637ae3933) Importer(815301076,1909f56bfc062723c751e8b465ee728b)  -> (artifact id: '40eaba014df485447461daeea036606b') in 0.051228 seconds 
========================================================================
Received Import Request.
  Time since last request: 0.000540 seconds.
  path: Assets/VR Beginner/Models/Trees.fbx
  artifactKey: Guid(924c2cf304aa51d469a902134ad8856d) Importer(815301076,1909f56bfc062723c751e8b465ee728b)
Start importing Assets/VR Beginner/Models/Trees.fbx using Guid(924c2cf304aa51d469a902134ad8856d) Importer(815301076,1909f56bfc062723c751e8b465ee728b)  -> (artifact id: '3fb7d63cd02234754a537652339986a4') in 0.642534 seconds 
========================================================================
Received Import Request.
  Time since last request: 0.000333 seconds.
  path: Assets/VR Beginner/Models/WoodenFloor.fbx
  artifactKey: Guid(4da5b88d86a450343bc00d7998c9a423) Importer(815301076,1909f56bfc062723c751e8b465ee728b)
Start importing Assets/VR Beginner/Models/WoodenFloor.fbx using Guid(4da5b88d86a450343bc00d7998c9a423) Importer(815301076,1909f56bfc062723c751e8b465ee728b)  -> (artifact id: '400969d0372de49e78bbe5e073ead066') in 0.054124 seconds 
========================================================================
Received Import Request.
  Time since last request: 0.000456 seconds.
  path: Assets/VR Beginner/Animations/Hand@Poses.fbx
  artifactKey: Guid(f3467b0dd7533ec4cbd03015b4c28f70) Importer(815301076,1909f56bfc062723c751e8b465ee728b)
Start importing Assets/VR Beginner/Animations/Hand@Poses.fbx using Guid(f3467b0dd7533ec4cbd03015b4c28f70) Importer(815301076,1909f56bfc062723c751e8b465ee728b)  -> (artifact id: 'c34705897a85128d3f74207fed2c528f') in 0.097364 seconds 
========================================================================
Received Import Request.
  Time since last request: 0.000570 seconds.
  path: Assets/VR Beginner/Models/WoodenLog.fbx
  artifactKey: Guid(514c05e59d36d8f4ba0f0a9c80f0ef2e) Importer(815301076,1909f56bfc062723c751e8b465ee728b)
Start importing Assets/VR Beginner/Models/WoodenLog.fbx using Guid(514c05e59d36d8f4ba0f0a9c80f0ef2e) Importer(815301076,1909f56bfc062723c751e8b465ee728b)  -> (artifact id: '75e996a14b1c1c2d4840767e88b909e0') in 0.061047 seconds 
========================================================================
Received Import Request.
  Time since last request: 0.000541 seconds.
  path: Assets/VR Beginner/Models/Painting4.fbx
  artifactKey: Guid(10cb07cb5830e2340a2eed20bf14ffab) Importer(815301076,1909f56bfc062723c751e8b465ee728b)
Start importing Assets/VR Beginner/Models/Painting4.fbx using Guid(10cb07cb5830e2340a2eed20bf14ffab) Importer(815301076,1909f56bfc062723c751e8b465ee728b)  -> (artifact id: '552b7913f39b3cc25b0aaee480c5b6e1') in 0.052255 seconds 
========================================================================
Received Import Request.
  Time since last request: 0.000471 seconds.
  path: Assets/VR Beginner/Models/Kettle.fbx
  artifactKey: Guid(f33334da4bf68b342a6a1aa10918e929) Importer(815301076,1909f56bfc062723c751e8b465ee728b)
Start importing Assets/VR Beginner/Models/Kettle.fbx using Guid(f33334da4bf68b342a6a1aa10918e929) Importer(815301076,1909f56bfc062723c751e8b465ee728b)  -> (artifact id: '0f7e4632d4dffbc217daf5dd15f59f87') in 0.052066 seconds 
========================================================================
Received Import Request.
  Time since last request: 0.000398 seconds.
  path: Assets/VR Beginner/Models/HandWitch.fbx
  artifactKey: Guid(1f5a20cf402ae624e969edbaf519daf6) Importer(815301076,1909f56bfc062723c751e8b465ee728b)
Start importing Assets/VR Beginner/Models/HandWitch.fbx using Guid(1f5a20cf402ae624e969edbaf519daf6) Importer(815301076,1909f56bfc062723c751e8b465ee728b)  -> (artifact id: '683fd251c37ce31451dab0eeea818082') in 0.080507 seconds 
========================================================================
Received Import Request.
  Time since last request: 0.000869 seconds.
  path: Assets/VR Beginner/Models/Onion.FBX
  artifactKey: Guid(e30b5a1c26bf93042a901424824f3c73) Importer(815301076,1909f56bfc062723c751e8b465ee728b)
Start importing Assets/VR Beginner/Models/Onion.FBX using Guid(e30b5a1c26bf93042a901424824f3c73) Importer(815301076,1909f56bfc062723c751e8b465ee728b)  -> (artifact id: 'f39e614894a0b0a41764d496e5364773') in 0.054545 seconds 
========================================================================
Received Import Request.
  Time since last request: 0.000340 seconds.
  path: Assets/VR Beginner/Models/PotionSpawner.fbx
  artifactKey: Guid(ba46ffcfc523c8b43bcc96762a43550d) Importer(815301076,1909f56bfc062723c751e8b465ee728b)
Start importing Assets/VR Beginner/Models/PotionSpawner.fbx using Guid(ba46ffcfc523c8b43bcc96762a43550d) Importer(815301076,1909f56bfc062723c751e8b465ee728b)  -> (artifact id: '4eaf88b4796e0b658ec1ec8bc5711359') in 0.079477 seconds 
========================================================================
Received Import Request.
  Time since last request: 0.000452 seconds.
  path: Assets/VR Beginner/Models/Shelf.fbx
  artifactKey: Guid(cef9cad8e2e6aca41bfaacc4484c2b36) Importer(815301076,1909f56bfc062723c751e8b465ee728b)
Start importing Assets/VR Beginner/Models/Shelf.fbx using Guid(cef9cad8e2e6aca41bfaacc4484c2b36) Importer(815301076,1909f56bfc062723c751e8b465ee728b)  -> (artifact id: 'eeb113dfc2029aa3bec33fcd8cf8e47d') in 0.060948 seconds 
========================================================================
Received Prepare
Refreshing native plugins compatible for Editor in 15.04 ms, found 11 plugins.
Preloading 1 native plugins for Editor in 0.10 ms.
Unloading 98 Unused Serialized files (Serialized files now loaded: 0)
System memory in use before: 131.2 MB.
System memory in use after: 126.7 MB.

Unloading 96 unused Assets to reduce memory usage. Loaded Objects now: 6178.
Total: 11.925500 ms (FindLiveObjects: 0.562800 ms CreateObjectMapping: 0.416300 ms MarkObjects: 8.474600 ms  DeleteObjects: 2.470600 ms)

AssetImportParameters requested are different than current active one (requested -> active):
  custom:framework-win-MediaFoundation: 216162199b28c13a410421893ffa2e32 -> 
  custom:video-decoder-ogg-theora: a1e56fd34408186e4bbccfd4996cb3dc -> 
  custom:container-muxer-webm: aa71ff27fc2769a1b78a27578f13a17b -> 
  custom:container-demuxer-webm: 4f35f7cbe854078d1ac9338744f61a02 -> 
  custom:container-demuxer-ogg: 62fdf1f143b41e24485cea50d1cbac27 -> 
  custom:video-encoder-webm-vp8: eb34c28f22e8b96e1ab97ce403110664 -> 
  custom:video-codec-MediaFoundation-h265: 746d11721c4dcdbdad8f713fa42b33f4 -> 
  custom:video-decoder-webm-vp8: 9c59270c3fd7afecdb556c50c9e8de78 -> 
  custom:audio-decoder-ogg-vorbis: bf7c407c2cedff20999df2af8eb42d56 -> 
  custom:audio-encoder-webm-vorbis: bf7c407c2cedff20999df2af8eb42d56 -> 
========================================================================
Received Prepare
Registering precompiled user dll's ...
Registered in 0.013983 seconds.
Begin MonoManager ReloadAssembly
Symbol file LoadedFromMemory doesn't match image C:\Users\Tancredi Cavallari\Desktop\Flamy's riddles\Flamy-s-Riddles-\Flamy-s-Riddles--main\Flamy\Library\PackageCache\com.unity.visualscripting@1.6.1\Editor\VisualScripting.Core\Dependencies\DotNetZip\Unity.VisualScripting.IonicZip.dll
Symbol file LoadedFromMemory doesn't match image C:\Users\Tancredi Cavallari\Desktop\Flamy's riddles\Flamy-s-Riddles-\Flamy-s-Riddles--main\Flamy\Library\PackageCache\com.unity.visualscripting@1.6.1\Editor\VisualScripting.Core\Dependencies\YamlDotNet\Unity.VisualScripting.YamlDotNet.dll
Native extension for WindowsStandalone target not found
Native extension for WebGL target not found
Refreshing native plugins compatible for Editor in 2.29 ms, found 11 plugins.
Preloading 1 native plugins for Editor in 0.20 ms.
System.Reflection.TargetInvocationException: Exception has been thrown by the target of an invocation. ---> System.NullReferenceException: Object reference not set to an instance of an object
  at Unity.XR.Oculus.OculusLoader.AssetPathToAbsolutePath (System.String assetPath) [0x00048] in C:\Users\Tancredi Cavallari\Desktop\Flamy's riddles\Flamy-s-Riddles-\Flamy-s-Riddles--main\Flamy\Library\PackageCache\com.unity.xr.oculus@1.10.0\Runtime\OculusLoader.cs:250 
  at Unity.XR.Oculus.OculusLoader.EditorLoadOVRPlugin () [0x0007b] in C:\Users\Tancredi Cavallari\Desktop\Flamy's riddles\Flamy-s-Riddles-\Flamy-s-Riddles--main\Flamy\Library\PackageCache\com.unity.xr.oculus@1.10.0\Runtime\OculusLoader.cs:235 
  at (wrapper managed-to-native) System.Reflection.MonoMethod.InternalInvoke(System.Reflection.MonoMethod,object,object[],System.Exception&)
  at System.Reflection.MonoMethod.Invoke (System.Object obj, System.Reflection.BindingFlags invokeAttr, System.Reflection.Binder binder, System.Object[] parameters, System.Globalization.CultureInfo culture) [0x00032] in <695d1cc93cca45069c528c15c9fdd749>:0 
   --- End of inner exception stack trace ---
  at System.Reflection.MonoMethod.Invoke (System.Object obj, System.Reflection.BindingFlags invokeAttr, System.Reflection.Binder binder, System.Object[] parameters, System.Globalization.CultureInfo culture) [0x00048] in <695d1cc93cca45069c528c15c9fdd749>:0 
  at System.Reflection.MethodBase.Invoke (System.Object obj, System.Object[] parameters) [0x00000] in <695d1cc93cca45069c528c15c9fdd749>:0 
  at UnityEditor.EditorAssemblies.ProcessInitializeOnLoadMethodAttributes () [0x00047] in <f9051bbfec05422cad88da502b7617ba>:0 
UnityEngine.StackTraceUtility:ExtractStackTrace ()
UnityEngine.DebugLogHandler:LogFormat (UnityEngine.LogType,UnityEngine.Object,string,object[])
UnityEngine.Logger:Log (UnityEngine.LogType,object)
UnityEngine.Debug:LogError (object)
UnityEditor.EditorAssemblies:ProcessInitializeOnLoadMethodAttributes ()

Mono: successfully reloaded assembly
- Completed reload, in  2.373 seconds
Domain Reload Profiling:
	ReloadAssembly (2373ms)
		BeginReloadAssembly (283ms)
			ExecutionOrderSort (0ms)
			DisableScriptedObjects (10ms)
			BackupInstance (0ms)
			ReleaseScriptingObjects (0ms)
			CreateAndSetChildDomain (132ms)
		EndReloadAssembly (2003ms)
			LoadAssemblies (164ms)
			RebuildTransferFunctionScriptingTraits (0ms)
			SetupTypeCache (678ms)
			ReleaseScriptCaches (2ms)
			RebuildScriptCaches (99ms)
			SetupLoadedEditorAssemblies (667ms)
				LogAssemblyErrors (0ms)
				InitializePlatformSupportModulesInManaged (9ms)
				SetLoadedEditorAssemblies (0ms)
				RefreshPlugins (3ms)
				BeforeProcessingInitializeOnLoad (162ms)
				ProcessInitializeOnLoadAttributes (434ms)
				ProcessInitializeOnLoadMethodAttributes (27ms)
				AfterProcessingInitializeOnLoad (32ms)
				EditorAssembliesLoaded (0ms)
			ExecutionOrderSort2 (0ms)
			AwakeInstancesAfterBackupRestoration (26ms)
Platform modules already initialized, skipping
Switching build target platform(19) subTarget(0) extendedPlatform(0) -> platform(13) subTarget(536870912) extendedPlatform(0)
Refreshing native plugins compatible for Editor in 2.03 ms, found 11 plugins.
Preloading 1 native plugins for Editor in 0.38 ms.
Unloading 5544 Unused Serialized files (Serialized files now loaded: 0)
System memory in use before: 245.8 MB.
System memory in use after: 241.3 MB.

Unloading 100 unused Assets to reduce memory usage. Loaded Objects now: 6168.
Total: 10.049800 ms (FindLiveObjects: 0.775000 ms CreateObjectMapping: 0.711900 ms MarkObjects: 5.267200 ms  DeleteObjects: 3.293500 ms)

AssetImportParameters requested are different than current active one (requested -> active):
  custom:framework-win-MediaFoundation: 216162199b28c13a410421893ffa2e32 -> 
  custom:video-decoder-ogg-theora: a1e56fd34408186e4bbccfd4996cb3dc -> 
  custom:container-muxer-webm: aa71ff27fc2769a1b78a27578f13a17b -> 
  custom:container-demuxer-webm: 4f35f7cbe854078d1ac9338744f61a02 -> 
  custom:container-demuxer-ogg: 62fdf1f143b41e24485cea50d1cbac27 -> 
  custom:video-encoder-webm-vp8: eb34c28f22e8b96e1ab97ce403110664 -> 
  custom:video-codec-MediaFoundation-h265: 746d11721c4dcdbdad8f713fa42b33f4 -> 
  custom:video-decoder-webm-vp8: 9c59270c3fd7afecdb556c50c9e8de78 -> 
  custom:graphics/normal-map-encoding: 01000000000000000000000000000000 -> 02000000000000000000000000000000
  custom:audio-decoder-ogg-vorbis: bf7c407c2cedff20999df2af8eb42d56 -> 
  custom:audio-encoder-webm-vorbis: bf7c407c2cedff20999df2af8eb42d56 -> 
========================================================================
Received Prepare
Refreshing native plugins compatible for Editor in 17.27 ms, found 11 plugins.
Preloading 1 native plugins for Editor in 0.10 ms.
Unloading 97 Unused Serialized files (Serialized files now loaded: 0)
System memory in use before: 136.9 MB.
System memory in use after: 132.4 MB.

Unloading 96 unused Assets to reduce memory usage. Loaded Objects now: 6169.
Total: 7.356400 ms (FindLiveObjects: 0.474900 ms CreateObjectMapping: 0.558800 ms MarkObjects: 4.011400 ms  DeleteObjects: 2.310300 ms)

AssetImportParameters requested are different than current active one (requested -> active):
  custom:framework-win-MediaFoundation: 216162199b28c13a410421893ffa2e32 -> 
  custom:video-decoder-ogg-theora: a1e56fd34408186e4bbccfd4996cb3dc -> 
  custom:container-muxer-webm: aa71ff27fc2769a1b78a27578f13a17b -> 
  custom:container-demuxer-webm: 4f35f7cbe854078d1ac9338744f61a02 -> 
  custom:container-demuxer-ogg: 62fdf1f143b41e24485cea50d1cbac27 -> 
  custom:video-encoder-webm-vp8: eb34c28f22e8b96e1ab97ce403110664 -> 
  custom:video-codec-MediaFoundation-h265: 746d11721c4dcdbdad8f713fa42b33f4 -> 
  custom:video-decoder-webm-vp8: 9c59270c3fd7afecdb556c50c9e8de78 -> 
  custom:audio-decoder-ogg-vorbis: bf7c407c2cedff20999df2af8eb42d56 -> 
  custom:audio-encoder-webm-vorbis: bf7c407c2cedff20999df2af8eb42d56 -> 
========================================================================
Received Prepare
Refreshing native plugins compatible for Editor in 14.89 ms, found 11 plugins.
Preloading 1 native plugins for Editor in 0.09 ms.
Unloading 96 Unused Serialized files (Serialized files now loaded: 0)
System memory in use before: 136.7 MB.
System memory in use after: 132.3 MB.

Unloading 96 unused Assets to reduce memory usage. Loaded Objects now: 6169.
Total: 8.893000 ms (FindLiveObjects: 0.472100 ms CreateObjectMapping: 0.284400 ms MarkObjects: 5.744300 ms  DeleteObjects: 2.390000 ms)

AssetImportParameters requested are different than current active one (requested -> active):
  custom:framework-win-MediaFoundation: 216162199b28c13a410421893ffa2e32 -> 
  custom:video-decoder-ogg-theora: a1e56fd34408186e4bbccfd4996cb3dc -> 
  custom:container-muxer-webm: aa71ff27fc2769a1b78a27578f13a17b -> 
  custom:container-demuxer-webm: 4f35f7cbe854078d1ac9338744f61a02 -> 
  custom:container-demuxer-ogg: 62fdf1f143b41e24485cea50d1cbac27 -> 
  custom:video-encoder-webm-vp8: eb34c28f22e8b96e1ab97ce403110664 -> 
  custom:video-codec-MediaFoundation-h265: 746d11721c4dcdbdad8f713fa42b33f4 -> 
  custom:video-decoder-webm-vp8: 9c59270c3fd7afecdb556c50c9e8de78 -> 
  custom:audio-decoder-ogg-vorbis: bf7c407c2cedff20999df2af8eb42d56 -> 
  custom:audio-encoder-webm-vorbis: bf7c407c2cedff20999df2af8eb42d56 -> 
AssetImportWorkerClient::OnTransportError - code=2 error=End of file
